Removed Pin From Net: NetName=GND Pin=U1-1
Removed Pin From Net: NetName=NetB1_14 Pin=U1-2
Removed Pin From Net: NetName=PHA Pin=U1-3
Removed Pin From Net: NetName=-V12 Pin=U1-4
Removed Pin From Net: NetName=NetR3_2 Pin=U1-6
Removed Pin From Net: NetName=V12 Pin=U1-7
Removed Pin From Net: NetName=NetR5_3 Pin=U2-1
Removed Pin From Net: NetName=NetR3_1 Pin=U2-2
Removed Pin From Net: NetName=NetR?_2 Pin=U2-3
Removed Pin From Net: NetName=-V12 Pin=U2-4
Removed Pin From Net: NetName=PHA_A_ADC Pin=U2-6
Removed Pin From Net: NetName=V12 Pin=U2-7
Removed Pin From Net: NetName=NetR5_1 Pin=U2-8
Removed Pin From Net: NetName=GND Pin=U3-1
Removed Pin From Net: NetName=NetB2_14 Pin=U3-2
Removed Pin From Net: NetName=PHB Pin=U3-3
Removed Pin From Net: NetName=-V12 Pin=U3-4
Removed Pin From Net: NetName=NetR14_1 Pin=U3-6
Removed Pin From Net: NetName=V12 Pin=U3-7
Removed Pin From Net: NetName=NetR13_3 Pin=U4-1
Removed Pin From Net: NetName=NetR12_1 Pin=U4-2
Removed Pin From Net: NetName=NetR11_1 Pin=U4-3
Removed Pin From Net: NetName=-V12 Pin=U4-4
Removed Pin From Net: NetName=PHA_B_ADC Pin=U4-6
Removed Pin From Net: NetName=V12 Pin=U4-7
Removed Pin From Net: NetName=NetR13_1 Pin=U4-8
Added Component: Designator=U1(D8)
Add component (AddParameter): Name = "Copyright"; Value = "Copyright (C) 2023 Ultra Librarian. All rights reserved."; VariantName = "[No Variations]"
Add component (AddParameter): Name = "Manufacturer_Part_Number"; Value = "INA148UAG4"; VariantName = "[No Variations]"
Add component (AddParameter): Name = "Mfr_Name"; Value = "Texas Instruments"; VariantName = "[No Variations]"
Add component (AddParameter): Name = "RefDes"; Value = "RefDes"; VariantName = "[No Variations]"
Add component (AddParameter): Name = "Type"; Value = "DEV"; VariantName = "[No Variations]"
Added Component: Designator=U2(D8)
Add component (AddParameter): Name = "Copyright"; Value = "Copyright (C) 2023 Ultra Librarian. All rights reserved."; VariantName = "[No Variations]"
Add component (AddParameter): Name = "Manufacturer_Part_Number"; Value = "OPA277UA"; VariantName = "[No Variations]"
Add component (AddParameter): Name = "Mfr_Name"; Value = "Texas Instruments"; VariantName = "[No Variations]"
Add component (AddParameter): Name = "RefDes"; Value = "RefDes"; VariantName = "[No Variations]"
Add component (AddParameter): Name = "Type"; Value = "DEV"; VariantName = "[No Variations]"
Added Component: Designator=U3(D8)
Add component (AddParameter): Name = "Copyright"; Value = "Copyright (C) 2023 Ultra Librarian. All rights reserved."; VariantName = "[No Variations]"
Add component (AddParameter): Name = "Manufacturer_Part_Number"; Value = "INA148UAG4"; VariantName = "[No Variations]"
Add component (AddParameter): Name = "Mfr_Name"; Value = "Texas Instruments"; VariantName = "[No Variations]"
Add component (AddParameter): Name = "RefDes"; Value = "RefDes"; VariantName = "[No Variations]"
Add component (AddParameter): Name = "Type"; Value = "DEV"; VariantName = "[No Variations]"
Added Component: Designator=U4(D8)
Add component (AddParameter): Name = "Copyright"; Value = "Copyright (C) 2023 Ultra Librarian. All rights reserved."; VariantName = "[No Variations]"
Add component (AddParameter): Name = "Manufacturer_Part_Number"; Value = "OPA277UA"; VariantName = "[No Variations]"
Add component (AddParameter): Name = "Mfr_Name"; Value = "Texas Instruments"; VariantName = "[No Variations]"
Add component (AddParameter): Name = "RefDes"; Value = "RefDes"; VariantName = "[No Variations]"
Add component (AddParameter): Name = "Type"; Value = "DEV"; VariantName = "[No Variations]"
Added Pin To Net: NetName=NetR12_1 Pin=R12-1
Added Pin To Net: NetName=GND Pin=U1-1
Added Pin To Net: NetName=NetB1_14 Pin=U1-2
Added Pin To Net: NetName=PHA Pin=U1-3
Added Pin To Net: NetName=-V12 Pin=U1-4
Added Pin To Net: NetName=NetR3_2 Pin=U1-6
Added Pin To Net: NetName=V12 Pin=U1-7
Added Pin To Net: NetName=NetR5_3 Pin=U2-1
Added Pin To Net: NetName=NetR3_1 Pin=U2-2
Added Pin To Net: NetName=NetR?_2 Pin=U2-3
Added Pin To Net: NetName=-V12 Pin=U2-4
Added Pin To Net: NetName=PHA_A_ADC Pin=U2-6
Added Pin To Net: NetName=V12 Pin=U2-7
Added Pin To Net: NetName=NetR5_1 Pin=U2-8
Added Pin To Net: NetName=GND Pin=U3-1
Added Pin To Net: NetName=NetB2_14 Pin=U3-2
Added Pin To Net: NetName=PHB Pin=U3-3
Added Pin To Net: NetName=-V12 Pin=U3-4
Added Pin To Net: NetName=NetR14_1 Pin=U3-6
Added Pin To Net: NetName=V12 Pin=U3-7
Added Pin To Net: NetName=NetR13_3 Pin=U4-1
Added Pin To Net: NetName=NetR12_1 Pin=U4-2
Added Pin To Net: NetName=NetR11_1 Pin=U4-3
Added Pin To Net: NetName=-V12 Pin=U4-4
Added Pin To Net: NetName=PHA_B_ADC Pin=U4-6
Added Pin To Net: NetName=V12 Pin=U4-7
Added Pin To Net: NetName=NetR13_1 Pin=U4-8
