Removed Pin From Net: NetName=V12 Pin=C1-1
Removed Pin From Net: NetName=V12 Pin=C7-1
Removed Pin From Net: NetName=V12 Pin=C11-1
Removed Pin From Net: NetName=V12 Pin=D1-1
Removed Pin From Net: NetName=V12 Pin=D2-1
Removed Pin From Net: NetName=V12 Pin=D3-1
Removed Pin From Net: NetName=V12 Pin=D4-2
Removed Pin From Net: NetName=V12 Pin=D6-2
Removed Pin From Net: NetName=V12 Pin=D8-2
Removed Pin From Net: NetName=V12 Pin=IC1-8
Removed Pin From Net: NetName=V12 Pin=IC3-8
Removed Pin From Net: NetName=V12 Pin=IC5-8
Added Pin To Net: NetName=NetR12_1 Pin=R12-1
Added Pin To Net: NetName=NetR13_1 Pin=R13-1
Added Pin To Net: NetName=V12 Pin=R17-1
Added Pin To Net: NetName=V12_MOTOR Pin=C1-1
Added Pin To Net: NetName=V12_MOTOR Pin=C7-1
Added Pin To Net: NetName=V12_MOTOR Pin=C11-1
Added Pin To Net: NetName=V12_MOTOR Pin=D1-1
Added Pin To Net: NetName=V12_MOTOR Pin=D2-1
Added Pin To Net: NetName=V12_MOTOR Pin=D3-1
Added Pin To Net: NetName=V12_MOTOR Pin=D4-2
Added Pin To Net: NetName=V12_MOTOR Pin=D6-2
Added Pin To Net: NetName=V12_MOTOR Pin=D8-2
Added Pin To Net: NetName=V12_MOTOR Pin=IC1-8
Added Pin To Net: NetName=V12_MOTOR Pin=IC3-8
Added Pin To Net: NetName=V12_MOTOR Pin=IC5-8
Added Net: Name=V12_MOTOR
