Added Component: Designator=P1(HDR1X14)
Add component (AddParameter): Name = "LatestRevisionDate"; Value = "17-Jul-2002"; VariantName = "[No Variations]"
Add component (AddParameter): Name = "LatestRevisionNote"; Value = "Re-released for DXP Platform."; VariantName = "[No Variations]"
Add component (AddParameter): Name = "Publisher"; Value = "Altium Limited"; VariantName = "[No Variations]"
Added Component: Designator=P2(HDR1X3)
Add component (AddParameter): Name = "LatestRevisionDate"; Value = "17-Jul-2002"; VariantName = "[No Variations]"
Add component (AddParameter): Name = "LatestRevisionNote"; Value = "Re-released for DXP Platform."; VariantName = "[No Variations]"
Add component (AddParameter): Name = "Publisher"; Value = "Altium Limited"; VariantName = "[No Variations]"
Added Pin To Net: NetName=PHA_B_ADC Pin=P1-1
Added Pin To Net: NetName=PHA_A_ADC Pin=P1-2
Added Pin To Net: NetName=PWM3_B Pin=P1-3
Added Pin To Net: NetName=PWM3_A Pin=P1-4
Added Pin To Net: NetName=PWM2_B Pin=P1-5
Added Pin To Net: NetName=PWM2_A Pin=P1-6
Added Pin To Net: NetName=PWM1_B Pin=P1-7
Added Pin To Net: NetName=PWM1_A Pin=P1-8
Added Pin To Net: NetName=DISABLE_GPIO Pin=P1-9
Added Pin To Net: NetName=GND Pin=P1-10
Added Pin To Net: NetName=AGND Pin=P1-11
Added Pin To Net: NetName=V5 Pin=P1-12
Added Pin To Net: NetName=V12 Pin=P1-13
Added Pin To Net: NetName=-V12 Pin=P1-14
Added Pin To Net: NetName=PHA Pin=P2-1
Added Pin To Net: NetName=PHB Pin=P2-2
Added Pin To Net: NetName=PHC Pin=P2-3
Added Pin To Net: NetName=NetR12_1 Pin=R12-1
