Change Component Footprint: Designator=C23 Old Footprint=CAP 0805_2012 New Footprint=RAD-0.3
Change Component Footprint: Designator=C24 Old Footprint=CAP 0805_2012 New Footprint=RAD-0.3
Change Component Footprint: Designator=C25 Old Footprint=CAP 0805_2012 New Footprint=RAD-0.3
Change Component Footprint: Designator=C15 Old Footprint=CAP 0805_2012 New Footprint=RB7.6-15
Change Component Footprint: Designator=C18 Old Footprint=CAP 0805_2012 New Footprint=RB7.6-15
Change Component Footprint: Designator=C19 Old Footprint=CAP 0805_2012 New Footprint=RB7.6-15
Change Component Footprint: Designator=C21 Old Footprint=CAP 0805_2012 New Footprint=RB7.6-15
Change Component Footprint: Designator=C7 Old Footprint=CapacitorRadialElectrolytic New Footprint=RAD-0.3
Change Component Footprint: Designator=C8 Old Footprint=CapacitorRadialElectrolytic New Footprint=RAD-0.3
Change Component Footprint: Designator=C9 Old Footprint=CapacitorRadialElectrolytic New Footprint=RAD-0.3
Change Component Footprint: Designator=C10 Old Footprint=CapacitorRadialElectrolytic New Footprint=RAD-0.3
Change Component Footprint: Designator=C1 Old Footprint=CapacitorRadialElectrolytic New Footprint=RB7.6-15
Change Component Footprint: Designator=C2 Old Footprint=CapacitorRadialElectrolytic New Footprint=RB7.6-15
Change Component Footprint: Designator=C3 Old Footprint=CapacitorRadialElectrolytic New Footprint=RB7.6-15
Change Component Footprint: Designator=C5 Old Footprint=CapacitorRadialElectrolytic New Footprint=RB7.6-15
Change Component Footprint: Designator=C12 Old Footprint=CapacitorRadialElectrolytic New Footprint=RB7.6-15
Change Component Footprint: Designator=C13 Old Footprint=CapacitorRadialElectrolytic New Footprint=RB7.6-15
Change Component Footprint: Designator=R6 Old Footprint=RES 0805_2012 New Footprint=POT BOURNS TRIMPOT TC33
Change Component Footprint: Designator=R14 Old Footprint=RES 0805_2012 New Footprint=POT BOURNS TRIMPOT TC33
Change Component Comment: Designator=C23 Old Comment==Value New Comment=Cap
Change Component Comment: Designator=C24 Old Comment==Value New Comment=Cap
Change Component Comment: Designator=C25 Old Comment==Value New Comment=Cap
Change Component Comment: Designator=C15 Old Comment==Value New Comment=Cap Pol1
Change Component Comment: Designator=C18 Old Comment==Value New Comment=Cap Pol1
Change Component Comment: Designator=C19 Old Comment==Value New Comment=Cap Pol1
Change Component Comment: Designator=C21 Old Comment==Value New Comment=Cap Pol1
Change Component Comment: Designator=R6 Old Comment==Value New Comment=100 kOhms
Change Component Comment: Designator=R14 Old Comment==Value New Comment=100 kOhms
Change Component Comment: Designator=C7 Old Comment=Cap Pol1 New Comment=Cap
Change Component Comment: Designator=C8 Old Comment=Cap Pol1 New Comment=Cap
Change Component Comment: Designator=C9 Old Comment=Cap Pol1 New Comment=Cap
Change Component Comment: Designator=C10 Old Comment=Cap Pol1 New Comment=Cap
Change Component Comment: Designator=U3 Old Comment=INA148UAG4 New Comment=OPA277UA
Change Component Comment: Designator=U4 Old Comment=OPA277UA New Comment=INA148UAG4
Change Pin Designator/Name:  Old Designator=C19-1 Old Name=1 New Designator =2 New Name=2
Change Pin Designator/Name:  Old Designator=C23-1 Old Name=1 New Designator =2 New Name=2
Change Pin Designator/Name:  Old Designator=C25-1 Old Name=1 New Designator =2 New Name=2
Change Pin Designator/Name:  Old Designator=C9-2 Old Name=2 New Designator =1 New Name=1
Change Pin Designator/Name:  Old Designator=R12-2 Old Name=2 New Designator =1 New Name=1
Change Pin Designator/Name:  Old Designator=R6-1 Old Name=1 New Designator =2 New Name=2
Change Pin Designator/Name:  Old Designator=U1-3 Old Name=IN+ New Designator =OUTPUT New Name=6
Change Pin Designator/Name:  Old Designator=U2-6 Old Name=OUT New Designator =REF New Name=1
Change Pin Designator/Name:  Old Designator=U3-8 Old Name=NC New Designator =OUT New Name=6
Change Pin Designator/Name:  Old Designator=U3-2 Old Name=IN- New Designator =IN+ New Name=3
